<?xml version="1.0" encoding="UTF-8"?>
<!-- Generated by org.testng.reporters.JUnitReportReporter -->
<testsuite hostname="DESKTOP-VFFFHUG" failures="0" tests="4" name="com.bestbuy.testcases.products.T003_Post_Product" time="0.005" errors="0" timestamp="2020-08-16T00:45:58 CDT" skipped="0">
  <testcase classname="com.bestbuy.testcases.products.T003_Post_Product" name="check_response_time" time="0.001"/>
  <system-out/>
  <testcase classname="com.bestbuy.testcases.products.T003_Post_Product" name="check_content_type" time="0.001"/>
  <system-out/>
  <testcase classname="com.bestbuy.testcases.products.T003_Post_Product" name="check_status_code" time="0.001"/>
  <system-out/>
  <testcase classname="com.bestbuy.testcases.products.T003_Post_Product" name="check_response_body" time="0.002"/>
  <system-out/>
</testsuite> <!-- com.bestbuy.testcases.products.T003_Post_Product -->
