<?xml version="1.0" encoding="UTF-8"?>
<!-- Generated by org.testng.reporters.JUnitReportReporter -->
<testsuite hostname="DESKTOP-VFFFHUG" failures="0" tests="4" name="com.bestbuy.testcases.products.T001_Get_Product_All" time="0.489" errors="0" timestamp="2020-08-16T14:31:59 CDT" skipped="0">
  <testcase classname="com.bestbuy.testcases.products.T001_Get_Product_All" name="check_response_body" time="0.484"/>
  <system-out/>
  <testcase classname="com.bestbuy.testcases.products.T001_Get_Product_All" name="check_content_type" time="0.003"/>
  <system-out/>
  <testcase classname="com.bestbuy.testcases.products.T001_Get_Product_All" name="check_response_time" time="0.000"/>
  <system-out/>
  <testcase classname="com.bestbuy.testcases.products.T001_Get_Product_All" name="check_status_code" time="0.002"/>
  <system-out/>
</testsuite> <!-- com.bestbuy.testcases.products.T001_Get_Product_All -->
