<?xml version="1.0" encoding="UTF-8"?>
<!-- Generated by org.testng.reporters.JUnitReportReporter -->
<testsuite hostname="DESKTOP-VFFFHUG" failures="0" tests="6" name="com.bestbuy.testcases.products.T002_Get_Product_Single" time="0.030" errors="0" timestamp="2020-08-16T14:31:59 CDT" skipped="0">
  <testcase classname="com.bestbuy.testcases.products.T002_Get_Product_Single" name="check_status_code" time="0.000"/>
  <system-out/>
  <testcase classname="com.bestbuy.testcases.products.T002_Get_Product_Single" name="check_response_id" time="0.012"/>
  <system-out/>
  <testcase classname="com.bestbuy.testcases.products.T002_Get_Product_Single" name="check_response_content" time="0.016"/>
  <system-out/>
  <testcase classname="com.bestbuy.testcases.products.T002_Get_Product_Single" name="check_response_body" time="0.001"/>
  <system-out/>
  <testcase classname="com.bestbuy.testcases.products.T002_Get_Product_Single" name="check_response_time" time="0.000"/>
  <system-out/>
  <testcase classname="com.bestbuy.testcases.products.T002_Get_Product_Single" name="check_content_type" time="0.001"/>
  <system-out/>
</testsuite> <!-- com.bestbuy.testcases.products.T002_Get_Product_Single -->
